
> vibe-generated-app@1.0.0 dev
> vite


  VITE v5.4.20  ready in 436 ms

  ➜  Local:   http://localhost:3000/
  ➜  Network: http://172.20.34.103:3000/
9:18:24 PM [vite] Pre-transform error: Transform failed with 1 error:
/home/workspace/src/components/Hero.jsx:86:35: ERROR: Expected ";" but found "as"
9:18:26 PM [vite] ✨ new dependencies optimized: lucide-react, framer-motion
9:18:26 PM [vite] ✨ optimized dependencies changed. reloading
9:18:27 PM [vite] Pre-transform error: Transform failed with 1 error:
/home/workspace/src/components/Hero.jsx:86:35: ERROR: Expected ";" but found "as"
9:18:27 PM [vite] Internal server error: Transform failed with 1 error:
/home/workspace/src/components/Hero.jsx:86:35: ERROR: Expected ";" but found "as"
  Plugin: vite:esbuild
  File: /home/workspace/src/components/Hero.jsx:86:35
  
  Expected ";" but found "as"
  84 |      <div
  85 |        onMouseMove={(e) => {
  86 |          const el = e.currentTarget as HTMLDivElement;
     |                                     ^
  87 |          const rect = el.getBoundingClientRect();
  88 |          const x = e.clientX - rect.left;
  
      at failureErrorWithLog (/home/workspace/node_modules/esbuild/lib/main.js:1472:15)
      at /home/workspace/node_modules/esbuild/lib/main.js:755:50
      at responseCallbacks.<computed> (/home/workspace/node_modules/esbuild/lib/main.js:622:9)
      at handleIncomingPacket (/home/workspace/node_modules/esbuild/lib/main.js:677:12)
      at Socket.readFromStdout (/home/workspace/node_modules/esbuild/lib/main.js:600:7)
      at Socket.emit (node:events:508:28)
      at addChunk (node:internal/streams/readable:559:12)
      at readableAddChunkPushByteMode (node:internal/streams/readable:510:3)
      at Readable.push (node:internal/streams/readable:390:5)
      at Pipe.onStreamRead (node:internal/stream_base_commons:189:23)
9:18:33 PM [vite] Internal server error: Transform failed with 1 error:
/home/workspace/src/components/Hero.jsx:86:35: ERROR: Expected ";" but found "as"
  Plugin: vite:esbuild
  File: /home/workspace/src/components/Hero.jsx:86:35
  
  Expected ";" but found "as"
  84 |      <div
  85 |        onMouseMove={(e) => {
  86 |          const el = e.currentTarget as HTMLDivElement;
     |                                     ^
  87 |          const rect = el.getBoundingClientRect();
  88 |          const x = e.clientX - rect.left;
  
      at failureErrorWithLog (/home/workspace/node_modules/esbuild/lib/main.js:1472:15)
      at /home/workspace/node_modules/esbuild/lib/main.js:755:50
      at responseCallbacks.<computed> (/home/workspace/node_modules/esbuild/lib/main.js:622:9)
      at handleIncomingPacket (/home/workspace/node_modules/esbuild/lib/main.js:677:12)
      at Socket.readFromStdout (/home/workspace/node_modules/esbuild/lib/main.js:600:7)
      at Socket.emit (node:events:508:28)
      at addChunk (node:internal/streams/readable:559:12)
      at readableAddChunkPushByteMode (node:internal/streams/readable:510:3)
      at Readable.push (node:internal/streams/readable:390:5)
      at Pipe.onStreamRead (node:internal/stream_base_commons:189:23)
9:18:40 PM [vite] Internal server error: Transform failed with 1 error:
/home/workspace/src/components/Hero.jsx:86:35: ERROR: Expected ";" but found "as"
  Plugin: vite:esbuild
  File: /home/workspace/src/components/Hero.jsx:86:35
  
  Expected ";" but found "as"
  84 |      <div
  85 |        onMouseMove={(e) => {
  86 |          const el = e.currentTarget as HTMLDivElement;
     |                                     ^
  87 |          const rect = el.getBoundingClientRect();
  88 |          const x = e.clientX - rect.left;
  
      at failureErrorWithLog (/home/workspace/node_modules/esbuild/lib/main.js:1472:15)
      at /home/workspace/node_modules/esbuild/lib/main.js:755:50
      at responseCallbacks.<computed> (/home/workspace/node_modules/esbuild/lib/main.js:622:9)
      at handleIncomingPacket (/home/workspace/node_modules/esbuild/lib/main.js:677:12)
      at Socket.readFromStdout (/home/workspace/node_modules/esbuild/lib/main.js:600:7)
      at Socket.emit (node:events:508:28)
      at addChunk (node:internal/streams/readable:559:12)
      at readableAddChunkPushByteMode (node:internal/streams/readable:510:3)
      at Readable.push (node:internal/streams/readable:390:5)
      at Pipe.onStreamRead (node:internal/stream_base_commons:189:23)
